<?xml version="1.0" encoding="UTF-8"?>
<!-- Generated by org.testng.reporters.JUnitReportReporter -->
<testsuite hostname="MRXiaomi" failures="0" tests="3" name="rahulshettyacademy.tests.submitordertest" time="38.851" errors="0" timestamp="2025-04-20T15:32:16 IST" skipped="0">
  <testcase classname="rahulshettyacademy.tests.submitordertest" name="submitorder" time="23.852"/>
  <system-out/>
  <testcase classname="rahulshettyacademy.tests.submitordertest" name="OrderhistoryTest" time="6.527"/>
  <system-out/>
  <testcase classname="rahulshettyacademy.tests.submitordertest" name="submitorder" time="8.472"/>
  <system-out/>
</testsuite> <!-- rahulshettyacademy.tests.submitordertest -->
