<?xml version="1.0" encoding="UTF-8"?>
<!-- Generated by org.testng.reporters.JUnitReportReporter -->
<testsuite hostname="MRXiaomi" failures="0" tests="1" name="rahulshettyacademy.tests.submitordertestcase" time="13.120" errors="0" timestamp="2025-03-28T19:31:23 IST" skipped="0">
  <testcase classname="rahulshettyacademy.tests.submitordertestcase" name="submitorder" time="13.120"/>
  <system-out/>
</testsuite> <!-- rahulshettyacademy.tests.submitordertestcase -->
