<?xml version="1.0" encoding="UTF-8"?>
<!-- Generated by org.testng.reporters.JUnitReportReporter -->
<testsuite hostname="MRXiaomi" failures="0" tests="1" name="Cucumber.TestNGTestRunner" time="23.118" errors="0" timestamp="2025-04-09T21:51:52 IST" skipped="0">
  <testcase classname="Cucumber.TestNGTestRunner" name="runScenario" time="23.118"/>
  <system-out/>
</testsuite> <!-- Cucumber.TestNGTestRunner -->
