<?xml version="1.0" encoding="UTF-8"?>
<!-- Generated by org.testng.reporters.JUnitReportReporter -->
<testsuite hostname="MRXiaomi" failures="0" tests="3" name="rahulshettyacademy.tests.submitordertest" time="35.239" errors="0" timestamp="2025-04-20T15:57:05 IST" skipped="0">
  <testcase classname="rahulshettyacademy.tests.submitordertest" name="OrderhistoryTest" time="3.177"/>
  <testcase classname="rahulshettyacademy.tests.submitordertest" name="submitorder" time="23.027"/>
  <testcase classname="rahulshettyacademy.tests.submitordertest" name="submitorder" time="9.035"/>
</testsuite> <!-- rahulshettyacademy.tests.submitordertest -->
