<?xml version="1.0" encoding="UTF-8"?>
<!-- Generated by org.testng.reporters.JUnitReportReporter -->
<testsuite hostname="MRXiaomi" failures="0" tests="2" name="rahulshettyacademy.tests.Errorvalidationtest" time="25.498" errors="0" timestamp="2025-04-20T15:57:05 IST" skipped="0">
  <testcase classname="rahulshettyacademy.tests.Errorvalidationtest" name="Producterrorvalidtn" time="20.198"/>
  <testcase classname="rahulshettyacademy.tests.Errorvalidationtest" name="loginerrorvalidtn" time="5.300"/>
</testsuite> <!-- rahulshettyacademy.tests.Errorvalidationtest -->
